Arguments: 
  /home/ubuntu/.nodebrew/node/v6.11.1/bin/node /usr/share/yarn/bin/yarn.js add twitter

PATH: 
  /home/ubuntu/.nodebrew/current/lib/node_modules/express-generator/bin:/home/ubuntu/.nodebrew/current/bin:/home/ubuntu/.linuxbrew/bin:/home/ubuntu/.nodebrew/current/bin:/home/ubuntu/bin:/home/ubuntu/.local/bin:/usr/local/sbin:/usr/local/bin:/usr/sbin:/usr/bin:/sbin:/bin:/usr/games:/usr/local/games:/snap/bin

Yarn version: 
  1.0.2

Node version: 
  6.11.1

Platform: 
  linux x64

npm manifest: 
  

yarn manifest: 
  No manifest

Lockfile: 
  No lockfile

Trace: 
  SyntaxError: /home/ubuntu/workspace/myprogram/twitter/package.json: Unexpected end of JSON input
      at Object.parse (native)
      at /usr/share/yarn/lib/cli.js:797:57
      at next (native)
      at step (/usr/share/yarn/lib/cli.js:92:30)
      at /usr/share/yarn/lib/cli.js:103:13
